[2025-11-23 17:53:54,908: INFO: main: First Log]
[2025-11-23 20:02:04,075: INFO: common: yaml file: config/config.yaml loaded successfully]
[2025-11-23 20:02:04,080: INFO: common: yaml file: params.yaml loaded successfully]
[2025-11-23 20:02:04,081: INFO: common: created directory at: artifacts]
[2025-11-23 20:02:04,082: INFO: common: created directory at: artifacts/data_ingestion]
[2025-11-23 20:02:04,082: INFO: 986331348: Downloading data from https://drive.google.com/file/d/1vlhZ5c7abUKF8xXERIw6m9Te8fW7ohw3/view?usp=sharing into file artifacts/data_ingestion/data.zip]
[2025-11-23 20:02:12,095: INFO: 986331348: Downloaded data from https://drive.google.com/file/d/1vlhZ5c7abUKF8xXERIw6m9Te8fW7ohw3/view?usp=sharing into file artifacts/data_ingestion/data.zip]
[2025-11-23 20:27:54,283: INFO: main: >>>>>> stage Data Ingestion stage started <<<<<<]
[2025-11-23 20:27:54,284: INFO: common: yaml file: config/config.yaml loaded successfully]
[2025-11-23 20:27:54,286: INFO: common: yaml file: params.yaml loaded successfully]
[2025-11-23 20:27:54,286: INFO: common: created directory at: artifacts]
[2025-11-23 20:27:54,286: INFO: common: created directory at: artifacts/data_ingestion]
[2025-11-23 20:27:54,286: INFO: data_ingestion: Downloading data from https://drive.google.com/file/d/1vlhZ5c7abUKF8xXERIw6m9Te8fW7ohw3/view?usp=sharing into file artifacts/data_ingestion/data.zip]
[2025-11-23 20:28:01,879: INFO: data_ingestion: Downloaded data from https://drive.google.com/file/d/1vlhZ5c7abUKF8xXERIw6m9Te8fW7ohw3/view?usp=sharing into file artifacts/data_ingestion/data.zip]
[2025-11-23 20:28:02,189: INFO: main: >>>>>> stage Data Ingestion stage completed <<<<<<

x==========x]
[2025-11-23 22:55:14,552: INFO: common: yaml file: config/config.yaml loaded successfully]
[2025-11-23 22:55:14,556: INFO: common: yaml file: params.yaml loaded successfully]
[2025-11-23 22:55:14,558: INFO: common: created directory at: artifacts]
[2025-11-23 22:55:14,559: INFO: common: created directory at: artifacts/prepare_base_model]
[2025-11-23 22:55:23,801: WARNING: saving_api: You are saving your model as an HDF5 file via `model.save()` or `keras.saving.save_model(model)`. This file format is considered legacy. We recommend using instead the native Keras format, e.g. `model.save('my_model.keras')` or `keras.saving.save_model(model, 'my_model.keras')`. ]
[2025-11-23 22:55:24,096: WARNING: saving_api: You are saving your model as an HDF5 file via `model.save()` or `keras.saving.save_model(model)`. This file format is considered legacy. We recommend using instead the native Keras format, e.g. `model.save('my_model.keras')` or `keras.saving.save_model(model, 'my_model.keras')`. ]
[2025-11-23 23:06:32,182: INFO: main: >>>>>> stage Data Ingestion stage started <<<<<<]
[2025-11-23 23:06:32,184: INFO: common: yaml file: config/config.yaml loaded successfully]
[2025-11-23 23:06:32,185: INFO: common: yaml file: params.yaml loaded successfully]
[2025-11-23 23:06:32,186: INFO: common: created directory at: artifacts]
[2025-11-23 23:06:32,186: INFO: common: created directory at: artifacts/data_ingestion]
[2025-11-23 23:06:32,186: INFO: data_ingestion: Downloading data from https://drive.google.com/file/d/1vlhZ5c7abUKF8xXERIw6m9Te8fW7ohw3/view?usp=sharing into file artifacts/data_ingestion/data.zip]
[2025-11-23 23:06:41,738: INFO: data_ingestion: Downloaded data from https://drive.google.com/file/d/1vlhZ5c7abUKF8xXERIw6m9Te8fW7ohw3/view?usp=sharing into file artifacts/data_ingestion/data.zip]
[2025-11-23 23:06:42,045: INFO: main: >>>>>> stage Data Ingestion stage completed <<<<<<

x==========x]
[2025-11-23 23:06:42,045: INFO: main: *******************]
[2025-11-23 23:06:42,045: INFO: main: >>>>>> stage Prepare base model started <<<<<<]
[2025-11-23 23:06:42,047: INFO: common: yaml file: config/config.yaml loaded successfully]
[2025-11-23 23:06:42,048: INFO: common: yaml file: params.yaml loaded successfully]
[2025-11-23 23:06:42,048: INFO: common: created directory at: artifacts]
[2025-11-23 23:06:42,048: INFO: common: created directory at: artifacts/prepare_base_model]
[2025-11-23 23:06:43,005: WARNING: saving_api: You are saving your model as an HDF5 file via `model.save()` or `keras.saving.save_model(model)`. This file format is considered legacy. We recommend using instead the native Keras format, e.g. `model.save('my_model.keras')` or `keras.saving.save_model(model, 'my_model.keras')`. ]
[2025-11-23 23:06:43,250: WARNING: saving_api: You are saving your model as an HDF5 file via `model.save()` or `keras.saving.save_model(model)`. This file format is considered legacy. We recommend using instead the native Keras format, e.g. `model.save('my_model.keras')` or `keras.saving.save_model(model, 'my_model.keras')`. ]
[2025-11-23 23:06:43,317: INFO: main: >>>>>> stage Prepare base model completed <<<<<<

x==========x]
